<?xml version="1.0" encoding="UTF-8"?>
<!-- Generated by org.testng.reporters.JUnitReportReporter -->
<testsuite hostname="DESKTOP-2VO59DN" failures="0" tests="1" name="tests.TestDelete" time="2.853" errors="0" timestamp="2024-02-26T11:15:22 IST" skipped="0">
  <testcase classname="tests.TestDelete" name="testDelete" time="2.853"/>
</testsuite> <!-- tests.TestDelete -->
