<?xml version="1.0" encoding="UTF-8"?>
<!-- Generated by org.testng.reporters.JUnitReportReporter -->
<testsuite hostname="DESKTOP-2VO59DN" failures="0" tests="1" name="tests.TestPatch" time="2.553" errors="0" timestamp="2024-02-26T11:00:27 IST" skipped="0">
  <testcase classname="tests.TestPatch" name="testPut" time="2.553"/>
</testsuite> <!-- tests.TestPatch -->
