<?xml version="1.0" encoding="UTF-8"?>
<!-- Generated by org.testng.reporters.JUnitReportReporter -->
<testsuite hostname="DESKTOP-2VO59DN" failures="0" tests="1" name="tests.TestPut" time="2.763" errors="0" timestamp="2024-02-26T10:52:05 IST" skipped="0">
  <testcase classname="tests.TestPut" name="testPut" time="2.763"/>
</testsuite> <!-- tests.TestPut -->
