<?xml version="1.0" encoding="UTF-8"?>
<!-- Generated by org.testng.reporters.JUnitReportReporter -->
<testsuite hostname="DESKTOP-2VO59DN" failures="0" tests="1" name="tests.TestCustomApiPost" time="1.655" errors="0" timestamp="2024-02-26T12:52:20 IST" skipped="0">
  <testcase classname="tests.TestCustomApiPost" name="testPost" time="1.655"/>
</testsuite> <!-- tests.TestCustomApiPost -->
