<?xml version="1.0" encoding="UTF-8"?>
<!-- Generated by org.testng.reporters.JUnitReportReporter -->
<testsuite hostname="DESKTOP-2VO59DN" failures="0" tests="3" name="tests.TestOpenBrowser" time="7.112" errors="0" timestamp="2024-02-29T17:29:24 IST" skipped="0">
  <testcase classname="tests.TestOpenBrowser" name="linkTest" time="2.151"/>
  <testcase classname="tests.TestOpenBrowser" name="googleLogoTest" time="2.797"/>
  <testcase classname="tests.TestOpenBrowser" name="searchTest" time="2.164"/>
</testsuite> <!-- tests.TestOpenBrowser -->
