<?xml version="1.0" encoding="UTF-8"?>
<!-- Generated by org.testng.reporters.JUnitReportReporter -->
<testsuite hostname="DESKTOP-2VO59DN" failures="0" tests="1" name="tests.TestExample" time="3.110" errors="0" timestamp="2024-03-09T20:25:53 IST" skipped="0">
  <testcase classname="tests.TestExample" name="test_3" time="3.110"/>
</testsuite> <!-- tests.TestExample -->
