<?xml version="1.0" encoding="UTF-8"?>
<!-- Generated by org.testng.reporters.JUnitReportReporter -->
<testsuite hostname="DESKTOP-2VO59DN" failures="0" tests="1" name="employeemanagementtest.PractiseMouseOvertest" time="5.541" errors="0" timestamp="2024-03-18T12:24:13 IST" skipped="0">
  <testcase classname="employeemanagementtest.PractiseMouseOvertest" name="SelectDate" time="5.541"/>
</testsuite> <!-- employeemanagementtest.PractiseMouseOvertest -->
