<?xml version="1.0" encoding="UTF-8"?>
<!-- Generated by org.testng.reporters.JUnitReportReporter -->
<testsuite hostname="DESKTOP-2VO59DN" failures="0" tests="1" name="practiseTests.PractiseLoginPopUp" time="3.931" errors="0" timestamp="2024-03-21T15:01:24 IST" skipped="0">
  <testcase classname="practiseTests.PractiseLoginPopUp" name="loginPopUp" time="3.931"/>
</testsuite> <!-- practiseTests.PractiseLoginPopUp -->
