<?xml version="1.0" encoding="UTF-8"?>
<!-- Generated by org.testng.reporters.JUnitReportReporter -->
<testsuite hostname="DESKTOP-2VO59DN" failures="0" tests="1" name="employeemanagementtest.PractisePopUpWindowTest" time="16.149" errors="0" timestamp="2024-03-13T11:06:17 IST" skipped="0">
  <testcase classname="employeemanagementtest.PractisePopUpWindowTest" name="windowHandles" time="16.149"/>
</testsuite> <!-- employeemanagementtest.PractisePopUpWindowTest -->
