<?xml version="1.0" encoding="UTF-8"?>
<!-- Generated by org.testng.reporters.JUnitReportReporter -->
<testsuite hostname="DESKTOP-2VO59DN" failures="0" tests="1" name="practiseTests.PractiseDragandDrop" time="0.485" errors="0" timestamp="2024-03-26T11:03:03 IST" skipped="0">
  <testcase classname="practiseTests.PractiseDragandDrop" name="subMenu" time="0.485"/>
</testsuite> <!-- practiseTests.PractiseDragandDrop -->
