<?xml version="1.0" encoding="UTF-8"?>
<!-- Generated by org.testng.reporters.JUnitReportReporter -->
<testsuite hostname="DESKTOP-2VO59DN" failures="0" tests="1" name="practiseTests.PractiseDoubleClick" time="0.225" errors="0" timestamp="2024-03-26T11:32:02 IST" skipped="0">
  <testcase classname="practiseTests.PractiseDoubleClick" name="doubleClick" time="0.225"/>
</testsuite> <!-- practiseTests.PractiseDoubleClick -->
