<?xml version="1.0" encoding="UTF-8"?>
<!-- Generated by org.testng.reporters.JUnitReportReporter -->
<testsuite hostname="DESKTOP-2VO59DN" failures="0" tests="1" name="practiseTests.PractiseDropDown" time="7.451" errors="0" timestamp="2024-03-18T17:46:44 IST" skipped="0">
  <testcase classname="practiseTests.PractiseDropDown" name="selectDropDown" time="7.451"/>
</testsuite> <!-- practiseTests.PractiseDropDown -->
