<?xml version="1.0" encoding="UTF-8"?>
<!-- Generated by org.testng.reporters.JUnitReportReporter -->
<testsuite hostname="DESKTOP-2VO59DN" failures="0" tests="1" name="practiseTests.PractiseDownloadFile" time="6.461" errors="0" timestamp="2024-03-21T12:41:13 IST" skipped="0">
  <testcase classname="practiseTests.PractiseDownloadFile" name="downloadFile" time="6.461"/>
</testsuite> <!-- practiseTests.PractiseDownloadFile -->
