<?xml version="1.0" encoding="UTF-8"?>
<!-- Generated by org.testng.reporters.JUnitReportReporter -->
<testsuite hostname="DESKTOP-2VO59DN" failures="0" tests="1" name="practiseTests.PractiseSubmenuClick" time="1.903" errors="0" timestamp="2024-03-26T10:13:06 IST" skipped="0">
  <testcase classname="practiseTests.PractiseSubmenuClick" name="subMenu" time="1.903"/>
</testsuite> <!-- practiseTests.PractiseSubmenuClick -->
