<?xml version="1.0" encoding="UTF-8"?>
<!-- Generated by org.testng.reporters.JUnitReportReporter -->
<testsuite hostname="DESKTOP-2VO59DN" failures="0" tests="1" name="practiseTests.PractiseFramesTest" time="26.400" errors="0" timestamp="2024-03-21T12:12:20 IST" skipped="0">
  <testcase classname="practiseTests.PractiseFramesTest" name="popUpTest" time="26.400"/>
</testsuite> <!-- practiseTests.PractiseFramesTest -->
