<?xml version="1.0" encoding="UTF-8"?>
<!-- Generated by org.testng.reporters.JUnitReportReporter -->
<testsuite hostname="DESKTOP-2VO59DN" failures="0" tests="1" name="practiseTests.CheckBrokenLinkstest" time="7.785" errors="0" timestamp="2024-03-20T12:35:53 IST" skipped="0">
  <testcase classname="practiseTests.CheckBrokenLinkstest" name="checkLinks" time="7.785"/>
</testsuite> <!-- practiseTests.CheckBrokenLinkstest -->
