<?xml version="1.0" encoding="UTF-8"?>
<!-- Generated by org.testng.reporters.JUnitReportReporter -->
<testsuite hostname="DESKTOP-2VO59DN" failures="0" tests="1" name="employeemanagementtest.LoginTest" time="12.870" errors="0" timestamp="2024-03-05T11:51:54 IST" skipped="0">
  <testcase classname="employeemanagementtest.LoginTest" name="testLogin" time="12.870"/>
</testsuite> <!-- employeemanagementtest.LoginTest -->
