<?xml version="1.0" encoding="UTF-8"?>
<!-- Generated by org.testng.reporters.JUnitReportReporter -->
<testsuite hostname="DESKTOP-2VO59DN" failures="0" tests="1" name="employeemanagementtest.TestCase1" time="30.646" errors="0" timestamp="2024-03-05T11:19:14 IST" skipped="0">
  <testcase classname="employeemanagementtest.TestCase1" name="ViewAllEmployee" time="30.646"/>
</testsuite> <!-- employeemanagementtest.TestCase1 -->
