<?xml version="1.0" encoding="UTF-8"?>
<!-- Generated by org.testng.reporters.JUnitReportReporter -->
<testsuite hostname="DESKTOP-2VO59DN" failures="0" tests="1" name="employeemanagementtest.TestCase1" time="33.467" errors="0" timestamp="2024-03-05T12:57:36 IST" skipped="0">
  <testcase classname="employeemanagementtest.TestCase1" name="ViewAllEmployee" time="33.467"/>
</testsuite> <!-- employeemanagementtest.TestCase1 -->
