<?xml version="1.0" encoding="UTF-8"?>
<!-- Generated by org.testng.reporters.JUnitReportReporter -->
<testsuite hostname="DESKTOP-2VO59DN" failures="0" tests="1" name="employeemanagementtest.PractiseFramesTest" time="25.360" errors="0" timestamp="2024-03-12T12:14:22 IST" skipped="0">
  <testcase classname="employeemanagementtest.PractiseFramesTest" name="popUpTest" time="25.360"/>
</testsuite> <!-- employeemanagementtest.PractiseFramesTest -->
