<?xml version="1.0" encoding="UTF-8"?>
<!-- Generated by org.testng.reporters.JUnitReportReporter -->
<testsuite hostname="DESKTOP-2VO59DN" failures="0" tests="1" name="employeemanagementtest.TestCase3" time="29.484" errors="0" timestamp="2024-03-14T17:02:08 IST" skipped="0">
  <testcase classname="employeemanagementtest.TestCase3" name="testAddLanguage" time="29.484"/>
</testsuite> <!-- employeemanagementtest.TestCase3 -->
