<?xml version="1.0" encoding="UTF-8"?>
<!-- Generated by org.testng.reporters.JUnitReportReporter -->
<testsuite hostname="DESKTOP-2VO59DN" failures="0" tests="1" name="employeemanagementtest.TestCase2" time="18.770" errors="0" timestamp="2024-03-12T14:03:10 IST" skipped="0">
  <testcase classname="employeemanagementtest.TestCase2" name="testAllCategory" time="18.770"/>
</testsuite> <!-- employeemanagementtest.TestCase2 -->
