<?xml version="1.0" encoding="UTF-8"?>
<!-- Generated by org.testng.reporters.JUnitReportReporter -->
<testsuite hostname="DESKTOP-2VO59DN" failures="0" tests="1" name="employeemanagementtest.TestCase1" time="32.151" errors="0" timestamp="2024-03-04T17:43:55 IST" skipped="0">
  <testcase classname="employeemanagementtest.TestCase1" name="login1" time="32.151"/>
</testsuite> <!-- employeemanagementtest.TestCase1 -->
