<?xml version="1.0" encoding="UTF-8"?>
<!-- Generated by org.testng.reporters.JUnitReportReporter -->
<testsuite hostname="DESKTOP-2VO59DN" failures="0" tests="1" name="employeemanagementtest.LoginTest" time="62.541" errors="0" timestamp="2024-03-01T22:38:51 IST" skipped="0">
  <testcase classname="employeemanagementtest.LoginTest" name="login" time="62.541"/>
</testsuite> <!-- employeemanagementtest.LoginTest -->
