<?xml version="1.0" encoding="UTF-8"?>
<!-- Generated by org.testng.reporters.JUnitReportReporter -->
<testsuite hostname="DESKTOP-2VO59DN" failures="0" tests="1" name="employeemanagementtest.PractiseMouseOvertest" time="11.989" errors="0" timestamp="2024-03-12T12:44:56 IST" skipped="0">
  <testcase classname="employeemanagementtest.PractiseMouseOvertest" name="mouseOverTest" time="11.989"/>
</testsuite> <!-- employeemanagementtest.PractiseMouseOvertest -->
