<?xml version="1.0" encoding="UTF-8"?>
<!-- Generated by org.testng.reporters.JUnitReportReporter -->
<testsuite hostname="DESKTOP-2VO59DN" failures="0" tests="1" name="employeemanagementtest.LoginTest" time="12.098" errors="0" timestamp="2024-03-04T17:33:35 IST" skipped="0">
  <testcase classname="employeemanagementtest.LoginTest" name="testLogin" time="12.098"/>
</testsuite> <!-- employeemanagementtest.LoginTest -->
