<?xml version="1.0" encoding="UTF-8"?>
<!-- Generated by org.testng.reporters.JUnitReportReporter -->
<testsuite hostname="DESKTOP-2VO59DN" failures="0" tests="1" name="employeemanagementtest.PractiseTest" time="15.725" errors="0" timestamp="2024-03-07T15:41:08 IST" skipped="0">
  <testcase classname="employeemanagementtest.PractiseTest" name="testLogin" time="15.725"/>
</testsuite> <!-- employeemanagementtest.PractiseTest -->
