<?xml version="1.0" encoding="UTF-8"?>
<!-- Generated by org.testng.reporters.JUnitReportReporter -->
<testsuite hostname="DESKTOP-2VO59DN" failures="0" tests="1" name="employeemanagementtest.PractiseNavigationsTest" time="12.553" errors="0" timestamp="2024-03-12T16:58:14 IST" skipped="0">
  <testcase classname="employeemanagementtest.PractiseNavigationsTest" name="navigateBrowser" time="12.553"/>
</testsuite> <!-- employeemanagementtest.PractiseNavigationsTest -->
