<?xml version="1.0" encoding="UTF-8"?>
<!-- Generated by org.testng.reporters.JUnitReportReporter -->
<testsuite hostname="DESKTOP-2VO59DN" failures="0" tests="1" name="employeemanagementtest.LoginTest" time="18.448" errors="0" timestamp="2024-03-10T19:34:47 IST" skipped="0">
  <testcase classname="employeemanagementtest.LoginTest" name="testLogin" time="18.448"/>
</testsuite> <!-- employeemanagementtest.LoginTest -->
