<?xml version="1.0" encoding="UTF-8"?>
<!-- Generated by org.testng.reporters.JUnitReportReporter -->
<testsuite hostname="DESKTOP-2VO59DN" failures="0" tests="1" name="employeemanagementtest.PractiseUploadfile" time="8.765" errors="0" timestamp="2024-03-12T11:13:18 IST" skipped="0">
  <testcase classname="employeemanagementtest.PractiseUploadfile" name="popUpTest" time="8.765"/>
</testsuite> <!-- employeemanagementtest.PractiseUploadfile -->
