<?xml version="1.0" encoding="UTF-8"?>
<!-- Generated by org.testng.reporters.JUnitReportReporter -->
<testsuite hostname="DESKTOP-2VO59DN" failures="0" tests="1" name="employeemanagementtest.TestCase2" time="51.504" errors="0" timestamp="2024-03-06T11:48:42 IST" skipped="0">
  <testcase classname="employeemanagementtest.TestCase2" name="searchByAllCategory" time="51.504"/>
</testsuite> <!-- employeemanagementtest.TestCase2 -->
