<?xml version="1.0" encoding="UTF-8"?>
<!-- Generated by org.testng.reporters.JUnitReportReporter -->
<testsuite hostname="DESKTOP-2VO59DN" failures="0" tests="1" name="employeemanagementtest.PractiseTestTwo" time="9.008" errors="0" timestamp="2024-03-11T11:28:30 IST" skipped="0">
  <testcase classname="employeemanagementtest.PractiseTestTwo" name="dropDown" time="9.008"/>
</testsuite> <!-- employeemanagementtest.PractiseTestTwo -->
