<?xml version="1.0" encoding="UTF-8"?>
<!-- Generated by org.testng.reporters.JUnitReportReporter -->
<testsuite hostname="DESKTOP-2VO59DN" failures="0" tests="1" name="employeemanagement.LoginTest" time="3.779" errors="0" timestamp="2024-03-19T18:06:59 IST" skipped="0">
  <testcase classname="employeemanagement.LoginTest" name="testLogin" time="3.779"/>
</testsuite> <!-- employeemanagement.LoginTest -->
