<?xml version="1.0" encoding="UTF-8"?>
<!-- Generated by org.testng.reporters.JUnitReportReporter -->
<testsuite hostname="DESKTOP-2VO59DN" failures="0" tests="1" name="employeemanagement.AdminPageTest" time="18.095" errors="0" timestamp="2024-03-20T12:59:45 IST" skipped="0">
  <testcase classname="employeemanagement.AdminPageTest" name="testAddLanguage" time="18.095"/>
</testsuite> <!-- employeemanagement.AdminPageTest -->
