<?xml version="1.0" encoding="UTF-8"?>
<!-- Generated by org.testng.reporters.JUnitReportReporter -->
<testsuite hostname="DESKTOP-2VO59DN" failures="0" tests="1" name="employeemanagement.AdminPageTest" time="25.274" errors="0" timestamp="2024-03-28T12:23:18 IST" skipped="0">
  <testcase classname="employeemanagement.AdminPageTest" name="testDeleteLanguage1" time="25.274"/>
</testsuite> <!-- employeemanagement.AdminPageTest -->
