<?xml version="1.0" encoding="UTF-8"?>
<!-- Generated by org.testng.reporters.JUnitReportReporter -->
<testsuite hostname="DESKTOP-2VO59DN" failures="0" tests="1" name="employeemanagement.LoginTest" time="4.622" errors="0" timestamp="2024-03-27T10:07:25 IST" skipped="0">
  <testcase classname="employeemanagement.LoginTest" name="testLogin" time="4.622"/>
</testsuite> <!-- employeemanagement.LoginTest -->
