<?xml version="1.0" encoding="UTF-8"?>
<!-- Generated by org.testng.reporters.JUnitReportReporter -->
<testsuite hostname="DESKTOP-2VO59DN" failures="0" tests="1" name="employeemanagement.AdminPageTest" time="17.181" errors="0" timestamp="2024-03-18T15:34:40 IST" skipped="0">
  <testcase classname="employeemanagement.AdminPageTest" name="testAddLanguage" time="17.181"/>
</testsuite> <!-- employeemanagement.AdminPageTest -->
