<?xml version="1.0" encoding="UTF-8"?>
<!-- Generated by org.testng.reporters.JUnitReportReporter -->
<testsuite hostname="DESKTOP-2VO59DN" failures="0" tests="3" name="tests.TestExample" time="2.798" errors="0" timestamp="2024-02-23T17:02:21 IST" skipped="0">
  <testcase classname="tests.TestExample" name="testExample" time="1.494"/>
  <testcase classname="tests.TestExample" name="test_3" time="0.510"/>
  <testcase classname="tests.TestExample" name="test_2" time="0.794"/>
</testsuite> <!-- tests.TestExample -->
